<?xml version="1.0" encoding="UTF-8"?>
<!-- Generated by org.testng.reporters.JUnitReportReporter -->
<testsuite hostname="DESKTOP-2G0J7G7" failures="0" tests="1" name="LinkedINChallenge.day12_WebPageWithMaxLinks" time="88.554" errors="0" timestamp="2024-03-19T16:01:47 IST" skipped="0">
  <testcase classname="LinkedINChallenge.day12_WebPageWithMaxLinks" name="maxLink" time="88.554"/>
</testsuite> <!-- LinkedINChallenge.day12_WebPageWithMaxLinks -->
