<?xml version="1.0" encoding="UTF-8"?>
<!-- Generated by org.testng.reporters.JUnitReportReporter -->
<testsuite hostname="DESKTOP-2G0J7G7" failures="0" tests="1" name="LinkedINChallenge.day7_moveAndClick_Actions" time="85.976" errors="0" timestamp="2024-03-19T14:30:47 IST" skipped="0">
  <testcase classname="LinkedINChallenge.day7_moveAndClick_Actions" name="moveAndClick" time="85.976"/>
</testsuite> <!-- LinkedINChallenge.day7_moveAndClick_Actions -->
